<?xml version="1.0" encoding="UTF-8"?>
<!-- Generated by org.testng.reporters.JUnitReportReporter -->
<testsuite hostname="LAPTOP-CD8JOBST" failures="0" tests="1" name="MavenExample.ReadingDataFromCommandLineTest" time="0.029" errors="0" timestamp="10 May 2022 08:11:04 GMT" skipped="0">
  <testcase classname="MavenExample.ReadingDataFromCommandLineTest" name="regression" time="0.029"/>
</testsuite> <!-- MavenExample.ReadingDataFromCommandLineTest -->
